test dist_hypertable-15           ... ok         7764 ms
test bgw_db_scheduler             ... ok         4508 ms
test job_errors_permissions       ... ok        20449 ms
test troubleshooting_job_errors   ... ok        35489 ms
test bgw_db_scheduler_fixed       ... ok         5747 ms
test bgw_reorder_drop_chunks      ... ok         1261 ms
test scheduler_fixed              ... ok        30507 ms
test compress_bgw_reorder_drop_chunks ... ok          682 ms
test compression_ddl              ... ok         5042 ms
test cagg_bgw                     ... ok         1392 ms
test cagg_bgw_dist_ht             ... ok         3205 ms
test cagg_ddl                     ... ok         1709 ms
test cagg_ddl_dist_ht             ... ok         4388 ms
test cagg_dump                    ... ok         1608 ms
test data_fetcher                 ... ok         5046 ms
test dist_util                    ... ok         3513 ms
test move                         ... ok          631 ms
test remote_connection_cache      ... ok         1303 ms
test remote_txn                   ... ok          980 ms
test remote_txn_resolve           ... ok         1126 ms
test reorder                      ... ok          699 ms
test telemetry_stats-15           ... ok         2444 ms
test dist_move_chunk              ... ok        29375 ms
parallel group (11 tests):  cagg_errors_deprecated cagg_errors bgw_policy cagg_bgw_drop_chunks cagg_invalidation cagg_drop_chunks cagg_joins-15 cagg_invalidation_dist_ht-15 cagg_migrate cagg_migrate_dist_ht bgw_custom
     bgw_custom                   ... ok        76939 ms
     bgw_policy                   ... ok         1865 ms
     cagg_bgw_drop_chunks         ... ok         1882 ms
     cagg_drop_chunks             ... ok         2378 ms
     cagg_errors                  ... ok         1524 ms
     cagg_errors_deprecated       ... ok         1452 ms
     cagg_invalidation            ... ok         2201 ms
     cagg_invalidation_dist_ht-15 ... ok         5462 ms
     cagg_joins-15                ... ok         2625 ms
     cagg_migrate                 ... ok        10133 ms
     cagg_migrate_dist_ht         ... ok        16919 ms
parallel group (11 tests):  cagg_tableam cagg_policy_run cagg_multi cagg_query-15 cagg_permissions cagg_refresh cagg_on_cagg_joins cagg_on_cagg cagg_policy cagg_on_cagg_dist_ht cagg_on_cagg_joins_dist_ht
     cagg_multi                   ... ok         1479 ms
     cagg_on_cagg                 ... ok         4011 ms
     cagg_on_cagg_dist_ht         ... ok         6421 ms
     cagg_on_cagg_joins           ... ok         3978 ms
     cagg_on_cagg_joins_dist_ht   ... ok         6531 ms
     cagg_permissions             ... ok         1602 ms
     cagg_policy                  ... ok         5568 ms
     cagg_policy_run              ... ok         1352 ms
     cagg_query-15                ... ok         1586 ms
     cagg_refresh                 ... ok         1675 ms
     cagg_tableam                 ... ok         1315 ms
parallel group (11 tests):  compressed_collation chunk_merge chunk_utils_compression compress_table cagg_watermark cagg_usage cagg_union_view-15 chunk_utils_internal compression_algos chunk_api compression
     cagg_union_view-15           ... ok         2082 ms
     cagg_usage                   ... ok         2005 ms
     cagg_watermark               ... ok         1769 ms
     chunk_api                    ... ok         3227 ms
     chunk_merge                  ... ok         1398 ms
     chunk_utils_compression      ... ok         1398 ms
     chunk_utils_internal         ... ok         2975 ms
     compress_table               ... ok         1686 ms
     compressed_collation         ... ok         1376 ms
     compression                  ... ok         3459 ms
     compression_algos            ... ok         3036 ms
parallel group (11 tests):  compression_segment_meta compression_conflicts compression_permissions compression_errors compression_insert-15 compression_bgw compression_update_delete compression_qualpushdown compression_hypertable compression_indexscan compression_merge
     compression_bgw              ... ok         2194 ms
     compression_conflicts        ... ok         1407 ms
     compression_errors           ... ok         2151 ms
     compression_hypertable       ... ok        10633 ms
     compression_indexscan        ... ok        44668 ms
     compression_insert-15        ... ok         2153 ms
     compression_merge            ... ok        54607 ms
     compression_permissions      ... ok         2150 ms
     compression_qualpushdown     ... ok         4607 ms
     compression_segment_meta     ... ok         1322 ms
     compression_update_delete    ... ok         2764 ms
parallel group (11 tests):  ddl_hook deparse debug_notice dist_backup dist_api_calls dist_cagg dist_commands dist_compression data_node_bootstrap data_node dist_copy_available_dns
     data_node                    ... ok        14320 ms
     data_node_bootstrap          ... ok        13178 ms
     ddl_hook                     ... ok         1323 ms
     debug_notice                 ... ok         4703 ms
     deparse                      ... ok         1693 ms
     dist_api_calls               ... ok         5602 ms
     dist_backup                  ... ok         5224 ms
     dist_cagg                    ... ok         7328 ms
     dist_commands                ... ok         7852 ms
     dist_compression             ... ok        11835 ms
     dist_copy_available_dns      ... ok        32157 ms
parallel group (11 tests):  dist_policy dist_triggers dist_ref_table_join-15 dist_grant-15 dist_partial_agg-15 dist_query-15 dist_ddl dist_copy_format_long dist_copy_long dist_remote_error-15 dist_param
     dist_copy_format_long        ... ok        20656 ms
     dist_copy_long               ... ok        37267 ms
     dist_ddl                     ... ok        18092 ms
     dist_grant-15                ... ok        18088 ms
     dist_param                   ... ok        43242 ms
     dist_partial_agg-15          ... ok        18090 ms
     dist_policy                  ... ok         5932 ms
     dist_query-15                ... ok        18091 ms
     dist_ref_table_join-15       ... ok         6894 ms
     dist_remote_error-15         ... ok        37279 ms
     dist_triggers                ... ok         6860 ms
parallel group (11 tests):  license_tsl partialize_finalize exp_cagg_next_gen fixed_schedules modify_exclusion-15 dist_views information_view_chunk_count exp_cagg_timezone exp_cagg_origin exp_cagg_monthly insert_memory_usage
     dist_views                   ... ok         3653 ms
     exp_cagg_monthly             ... ok        10121 ms
     exp_cagg_next_gen            ... ok         1455 ms
     exp_cagg_origin              ... ok         7623 ms
     exp_cagg_timezone            ... ok         7195 ms
     fixed_schedules              ... ok         1678 ms
     information_view_chunk_count ... ok         4521 ms
     insert_memory_usage          ... ok        64957 ms
     license_tsl                  ... ok         1354 ms
     modify_exclusion-15          ... ok         2105 ms
     partialize_finalize          ... FAILED     1403 ms
parallel group (11 tests):  remote_stmt_params remote_txn_id size_utils_tsl recompress_chunk_segmentwise remote_connection read_only transparent_decompression_ordered_index-15 remote_copy-15 plan_skip_scan-15 skip_scan transparent_decompression-15
     plan_skip_scan-15            ... ok         6192 ms
     read_only                    ... ok         2608 ms
     recompress_chunk_segmentwise ... ok         1810 ms
     remote_connection            ... ok         1834 ms
     remote_copy-15               ... ok         4022 ms
     remote_stmt_params           ... ok         1303 ms
     remote_txn_id                ... ok         1305 ms
     size_utils_tsl               ... ok         1387 ms
     skip_scan                    ... ok        12783 ms
     transparent_decompression-15 ... ok        32216 ms
     transparent_decompression_ordered_index-15 ... ok         3662 ms
parallel group (2 tests):  transparent_decompression_queries tsl_tables
     transparent_decompression_queries ... ok          531 ms
     tsl_tables                   ... ok          686 ms
